<?xml version="1.0" encoding="UTF-8"?>
<!-- Generated by org.testng.reporters.JUnitReportReporter -->
<testsuite hostname="AdityaGupta-FVFG3XDTQ05D" failures="0" tests="6" name="com.browserstack.FirstTest" time="246.411" errors="0" timestamp="2023-07-06T12:43:16 IST" skipped="0">
  <testcase classname="com.browserstack.FirstTest" name="test2" time="25.949"/>
  <testcase classname="com.browserstack.FirstTest" name="test1" time="41.817"/>
  <testcase classname="com.browserstack.FirstTest" name="test1" time="53.381"/>
  <testcase classname="com.browserstack.FirstTest" name="test1" time="58.839"/>
  <testcase classname="com.browserstack.FirstTest" name="test2" time="31.297"/>
  <testcase classname="com.browserstack.FirstTest" name="test2" time="35.128"/>
</testsuite> <!-- com.browserstack.FirstTest -->
